<?xml version="1.0" encoding="utf-8"?><testsuites name="pytest tests"><testsuite name="pytest" errors="0" failures="0" skipped="0" tests="80" time="4.343" timestamp="2026-03-08T14:15:03.773046+01:00" hostname="Fares-PC"><testcase classname="tests.test_analytics.TestDepartmentCosts" name="test_empty_db_returns_empty_data" time="0.053" /><testcase classname="tests.test_analytics.TestDepartmentCosts" name="test_inactive_tools_excluded" time="0.055" /><testcase classname="tests.test_analytics.TestDepartmentCosts" name="test_single_department_structure" time="0.046" /><testcase classname="tests.test_analytics.TestDepartmentCosts" name="test_cost_percentage_sums_to_100" time="0.055" /><testcase classname="tests.test_analytics.TestDepartmentCosts" name="test_most_expensive_department" time="0.055" /><testcase classname="tests.test_analytics.TestDepartmentCosts" name="test_sort_by_department_asc" time="0.052" /><testcase classname="tests.test_analytics.TestDepartmentCosts" name="test_sort_by_total_cost_desc" time="0.055" /><testcase classname="tests.test_analytics.TestDepartmentCosts" name="test_multiple_tools_same_department_aggregated" time="0.050" /><testcase classname="tests.test_analytics.TestExpensiveTools" name="test_empty_db_returns_empty_data" time="0.035" /><testcase classname="tests.test_analytics.TestExpensiveTools" name="test_inactive_tools_excluded" time="0.048" /><testcase classname="tests.test_analytics.TestExpensiveTools" name="test_sorted_by_cost_desc" time="0.052" /><testcase classname="tests.test_analytics.TestExpensiveTools" name="test_limit_param" time="0.067" /><testcase classname="tests.test_analytics.TestExpensiveTools" name="test_limit_invalid_returns_400" time="0.034" /><testcase classname="tests.test_analytics.TestExpensiveTools" name="test_min_cost_filter" time="0.050" /><testcase classname="tests.test_analytics.TestExpensiveTools" name="test_tool_with_zero_users_has_null_cost_per_user" time="0.046" /><testcase classname="tests.test_analytics.TestExpensiveTools" name="test_tool_with_zero_users_has_efficiency_rating_low" time="0.045" /><testcase classname="tests.test_analytics.TestExpensiveTools" name="test_efficiency_rating_excellent" time="0.053" /><testcase classname="tests.test_analytics.TestExpensiveTools" name="test_potential_savings_only_low_rated" time="0.048" /><testcase classname="tests.test_analytics.TestExpensiveTools" name="test_response_fields_present" time="0.046" /><testcase classname="tests.test_analytics.TestToolsByCategory" name="test_empty_db_returns_empty_data" time="0.037" /><testcase classname="tests.test_analytics.TestToolsByCategory" name="test_inactive_tools_excluded" time="0.051" /><testcase classname="tests.test_analytics.TestToolsByCategory" name="test_category_structure" time="0.043" /><testcase classname="tests.test_analytics.TestToolsByCategory" name="test_average_cost_per_user_null_when_no_users" time="0.046" /><testcase classname="tests.test_analytics.TestToolsByCategory" name="test_percentage_of_budget_sums_to_100" time="0.053" /><testcase classname="tests.test_analytics.TestToolsByCategory" name="test_most_expensive_category" time="0.056" /><testcase classname="tests.test_analytics.TestToolsByCategory" name="test_most_efficient_category" time="0.056" /><testcase classname="tests.test_analytics.TestToolsByCategory" name="test_multiple_tools_same_category_aggregated" time="0.053" /><testcase classname="tests.test_analytics.TestLowUsageTools" name="test_empty_db_returns_empty_data" time="0.033" /><testcase classname="tests.test_analytics.TestLowUsageTools" name="test_only_tools_under_threshold_returned" time="0.051" /><testcase classname="tests.test_analytics.TestLowUsageTools" name="test_inactive_tools_excluded" time="0.051" /><testcase classname="tests.test_analytics.TestLowUsageTools" name="test_warning_level_high_zero_users" time="0.045" /><testcase classname="tests.test_analytics.TestLowUsageTools" name="test_warning_level_high_expensive_per_user" time="0.053" /><testcase classname="tests.test_analytics.TestLowUsageTools" name="test_warning_level_medium" time="0.048" /><testcase classname="tests.test_analytics.TestLowUsageTools" name="test_warning_level_low" time="0.048" /><testcase classname="tests.test_analytics.TestLowUsageTools" name="test_potential_savings_high_and_medium_only" time="0.058" /><testcase classname="tests.test_analytics.TestLowUsageTools" name="test_potential_annual_savings_is_12x_monthly" time="0.046" /><testcase classname="tests.test_analytics.TestLowUsageTools" name="test_max_users_param" time="0.054" /><testcase classname="tests.test_analytics.TestLowUsageTools" name="test_sorted_by_cost_desc" time="0.052" /><testcase classname="tests.test_analytics.TestVendorSummary" name="test_empty_db_returns_empty_data" time="0.038" /><testcase classname="tests.test_analytics.TestVendorSummary" name="test_inactive_tools_excluded" time="0.052" /><testcase classname="tests.test_analytics.TestVendorSummary" name="test_vendor_structure" time="0.046" /><testcase classname="tests.test_analytics.TestVendorSummary" name="test_departments_alphabetically_sorted" time="0.067" /><testcase classname="tests.test_analytics.TestVendorSummary" name="test_departments_no_duplicates" time="0.080" /><testcase classname="tests.test_analytics.TestVendorSummary" name="test_single_tool_vendors_count" time="0.084" /><testcase classname="tests.test_analytics.TestVendorSummary" name="test_most_expensive_vendor" time="0.071" /><testcase classname="tests.test_analytics.TestVendorSummary" name="test_most_efficient_vendor" time="0.066" /><testcase classname="tests.test_analytics.TestVendorSummary" name="test_vendor_efficiency_excellent" time="0.049" /><testcase classname="tests.test_analytics.TestVendorSummary" name="test_vendor_efficiency_poor" time="0.047" /><testcase classname="tests.test_analytics.TestVendorSummary" name="test_tools_without_vendor_excluded" time="0.047" /><testcase classname="tests.test_tool.TestListTools" name="test_list_tools_empty" time="0.042" /><testcase classname="tests.test_tool.TestListTools" name="test_list_tools_returns_created_tool" time="0.136" /><testcase classname="tests.test_tool.TestListTools" name="test_list_tools_filter_department" time="0.064" /><testcase classname="tests.test_tool.TestListTools" name="test_list_tools_filter_status" time="0.076" /><testcase classname="tests.test_tool.TestListTools" name="test_list_tools_filter_category" time="0.069" /><testcase classname="tests.test_tool.TestListTools" name="test_list_tools_filter_min_cost" time="0.067" /><testcase classname="tests.test_tool.TestListTools" name="test_list_tools_filter_max_cost" time="0.064" /><testcase classname="tests.test_tool.TestListTools" name="test_list_tools_pagination" time="0.062" /><testcase classname="tests.test_tool.TestListTools" name="test_list_tools_pagination_page2" time="0.063" /><testcase classname="tests.test_tool.TestListTools" name="test_list_tools_sort_by_name_desc" time="0.068" /><testcase classname="tests.test_tool.TestListTools" name="test_list_tools_sort_by_cost_asc" time="0.067" /><testcase classname="tests.test_tool.TestGetTool" name="test_get_tool_success" time="0.058" /><testcase classname="tests.test_tool.TestGetTool" name="test_get_tool_total_monthly_cost" time="0.054" /><testcase classname="tests.test_tool.TestGetTool" name="test_get_tool_not_found" time="0.035" /><testcase classname="tests.test_tool.TestCreateTool" name="test_create_tool_success" time="0.049" /><testcase classname="tests.test_tool.TestCreateTool" name="test_create_tool_without_optional_fields" time="0.050" /><testcase classname="tests.test_tool.TestCreateTool" name="test_create_tool_duplicate_name" time="0.052" /><testcase classname="tests.test_tool.TestCreateTool" name="test_create_tool_invalid_category" time="0.034" /><testcase classname="tests.test_tool.TestCreateTool" name="test_create_tool_invalid_url" time="0.039" /><testcase classname="tests.test_tool.TestCreateTool" name="test_create_tool_missing_required_fields" time="0.034" /><testcase classname="tests.test_tool.TestCreateTool" name="test_create_tool_name_too_short" time="0.041" /><testcase classname="tests.test_tool.TestCreateTool" name="test_create_tool_cost_zero" time="0.040" /><testcase classname="tests.test_tool.TestCreateTool" name="test_create_tool_invalid_department" time="0.043" /><testcase classname="tests.test_tool.TestUpdateTool" name="test_update_tool_name" time="0.060" /><testcase classname="tests.test_tool.TestUpdateTool" name="test_update_tool_status" time="0.056" /><testcase classname="tests.test_tool.TestUpdateTool" name="test_update_tool_monthly_cost" time="0.059" /><testcase classname="tests.test_tool.TestUpdateTool" name="test_update_tool_preserves_other_fields" time="0.058" /><testcase classname="tests.test_tool.TestUpdateTool" name="test_update_tool_not_found" time="0.034" /><testcase classname="tests.test_tool.TestUpdateTool" name="test_update_tool_invalid_category" time="0.052" /><testcase classname="tests.test_tool.TestUpdateTool" name="test_update_tool_invalid_url" time="0.050" /><testcase classname="tests.test_tool.TestUpdateTool" name="test_update_tool_returns_detail_structure" time="0.059" /></testsuite></testsuites>