============================= test session starts =============================
platform win32 -- Python 3.11.9, pytest-9.0.2, pluggy-1.6.0 -- C:\Users\Fares\CRUDTT\venv\Scripts\python.exe
cachedir: .pytest_cache
rootdir: C:\Users\Fares\CRUDTT
configfile: pytest.ini
testpaths: tests
plugins: anyio-4.12.1, asyncio-1.3.0
asyncio: mode=Mode.AUTO, debug=False, asyncio_default_fixture_loop_scope=None, asyncio_default_test_loop_scope=function
collecting ... collected 38 items

tests/test_tool.py::TestListTools::test_list_tools_empty PASSED          [  2%]
tests/test_tool.py::TestListTools::test_list_tools_returns_created_tool PASSED [  5%]
tests/test_tool.py::TestListTools::test_list_tools_filter_department PASSED [  7%]
tests/test_tool.py::TestListTools::test_list_tools_filter_status PASSED  [ 10%]
tests/test_tool.py::TestListTools::test_list_tools_filter_category PASSED [ 13%]
tests/test_tool.py::TestListTools::test_list_tools_filter_min_cost PASSED [ 15%]
tests/test_tool.py::TestListTools::test_list_tools_filter_max_cost PASSED [ 18%]
tests/test_tool.py::TestListTools::test_list_tools_pagination PASSED     [ 21%]
tests/test_tool.py::TestListTools::test_list_tools_pagination_page2 PASSED [ 23%]
tests/test_tool.py::TestListTools::test_list_tools_sort_by_name_desc PASSED [ 26%]
tests/test_tool.py::TestListTools::test_list_tools_sort_by_cost_asc PASSED [ 28%]
tests/test_tool.py::TestGetTool::test_get_tool_success PASSED            [ 31%]
tests/test_tool.py::TestGetTool::test_get_tool_total_monthly_cost PASSED [ 34%]
tests/test_tool.py::TestGetTool::test_get_tool_not_found PASSED          [ 36%]
tests/test_tool.py::TestCreateTool::test_create_tool_success PASSED      [ 39%]
tests/test_tool.py::TestCreateTool::test_create_tool_without_optional_fields PASSED [ 42%]
tests/test_tool.py::TestCreateTool::test_create_tool_duplicate_name PASSED [ 44%]
tests/test_tool.py::TestCreateTool::test_create_tool_invalid_category PASSED [ 47%]
tests/test_tool.py::TestCreateTool::test_create_tool_invalid_url PASSED  [ 50%]
tests/test_tool.py::TestCreateTool::test_create_tool_missing_required_fields PASSED [ 52%]
tests/test_tool.py::TestCreateTool::test_create_tool_name_too_short PASSED [ 55%]
tests/test_tool.py::TestCreateTool::test_create_tool_cost_zero PASSED    [ 57%]
tests/test_tool.py::TestCreateTool::test_create_tool_invalid_department PASSED [ 60%]
tests/test_tool.py::TestUpdateTool::test_update_tool_name PASSED         [ 63%]
tests/test_tool.py::TestUpdateTool::test_update_tool_status PASSED       [ 65%]
tests/test_tool.py::TestUpdateTool::test_update_tool_monthly_cost PASSED [ 68%]
tests/test_tool.py::TestUpdateTool::test_update_tool_preserves_other_fields PASSED [ 71%]
tests/test_tool.py::TestUpdateTool::test_update_tool_not_found PASSED    [ 73%]
tests/test_tool.py::TestUpdateTool::test_update_tool_invalid_category PASSED [ 76%]
tests/test_tool.py::TestUpdateTool::test_update_tool_invalid_url PASSED  [ 78%]
tests/test_tool.py::TestUpdateTool::test_update_tool_returns_detail_structure PASSED [ 81%]
tests/test_user.py::test_root PASSED                                     [ 84%]
tests/test_user.py::test_create_user PASSED                              [ 86%]
tests/test_user.py::test_create_user_duplicate_email PASSED              [ 89%]
tests/test_user.py::test_list_users PASSED                               [ 92%]
tests/test_user.py::test_get_user PASSED                                 [ 94%]
tests/test_user.py::test_get_user_not_found PASSED                       [ 97%]
tests/test_user.py::test_delete_user PASSED                              [100%]

============================= 38 passed in 4.40s ==============================
